Flow report for 4bitCounter_ParLoad
Sat Jan 11 02:23:59 2020
Quartus Prime Version 18.1.0 Build 625 09/12/2018 SJ Lite Edition


---------------------
; Table of Contents ;
---------------------
  1. Legal Notice
  2. Flow Summary
  3. Flow Settings
  4. Flow Non-Default Global Settings
  5. Flow Elapsed Time
  6. Flow OS Summary
  7. Flow Log
  8. Flow Messages
  9. Flow Suppressed Messages



----------------
; Legal Notice ;
----------------
Copyright (C) 2018  Intel Corporation. All rights reserved.
Your use of Intel Corporation's design tools, logic functions 
and other software and tools, and its AMPP partner logic 
functions, and any output files from any of the foregoing 
(including device programming or simulation files), and any 
associated documentation or information are expressly subject 
to the terms and conditions of the Intel Program License 
Subscription Agreement, the Intel Quartus Prime License Agreement,
the Intel FPGA IP License Agreement, or other applicable license
agreement, including, without limitation, that your use is for
the sole purpose of programming logic devices manufactured by
Intel and sold by Intel or its authorized distributors.  Please
refer to the applicable agreement for further details.



+----------------------------------------------------------------------------------+
; Flow Summary                                                                     ;
+------------------------------------+---------------------------------------------+
; Flow Status                        ; Successful - Sat Jan 11 02:23:37 2020       ;
; Quartus Prime Version              ; 18.1.0 Build 625 09/12/2018 SJ Lite Edition ;
; Revision Name                      ; 4bitCounter_ParLoad                         ;
; Top-level Entity Name              ; nbitCounter_ParLoad                         ;
; Family                             ; Cyclone IV E                                ;
; Device                             ; EP4CE6E22C8                                 ;
; Timing Models                      ; Final                                       ;
; Total logic elements               ; 71 / 6,272 ( 1 % )                          ;
;     Total combinational functions  ; 70 / 6,272 ( 1 % )                          ;
;     Dedicated logic registers      ; 44 / 6,272 ( < 1 % )                        ;
; Total registers                    ; 44                                          ;
; Total pins                         ; 20 / 92 ( 22 % )                            ;
; Total virtual pins                 ; 0                                           ;
; Total memory bits                  ; 0 / 276,480 ( 0 % )                         ;
; Embedded Multiplier 9-bit elements ; 0 / 30 ( 0 % )                              ;
; Total PLLs                         ; 0 / 2 ( 0 % )                               ;
+------------------------------------+---------------------------------------------+


+-----------------------------------------+
; Flow Settings                           ;
+-------------------+---------------------+
; Option            ; Setting             ;
+-------------------+---------------------+
; Start date & time ; 01/11/2020 02:22:52 ;
; Main task         ; Compilation         ;
; Revision Name     ; 4bitCounter_ParLoad ;
+-------------------+---------------------+


+---------------------------------------------------------------------------------------------------------------------------------------+
; Flow Non-Default Global Settings                                                                                                      ;
+-------------------------------------+----------------------------------------+---------------------+---------------------+------------+
; Assignment Name                     ; Value                                  ; Default Value       ; Entity Name         ; Section Id ;
+-------------------------------------+----------------------------------------+---------------------+---------------------+------------+
; COMPILER_SIGNATURE_ID               ; 220295152153122.157870577114344        ; --                  ; --                  ; --         ;
; MAX_CORE_JUNCTION_TEMP              ; 85                                     ; --                  ; --                  ; --         ;
; MIN_CORE_JUNCTION_TEMP              ; 0                                      ; --                  ; --                  ; --         ;
; NOMINAL_CORE_SUPPLY_VOLTAGE         ; 1.2V                                   ; --                  ; --                  ; --         ;
; OUTPUT_IO_TIMING_FAR_END_VMEAS      ; Half Signal Swing                      ; --                  ; --                  ; --         ;
; OUTPUT_IO_TIMING_FAR_END_VMEAS      ; Half Signal Swing                      ; --                  ; --                  ; --         ;
; OUTPUT_IO_TIMING_NEAR_END_VMEAS     ; Half Vccio                             ; --                  ; --                  ; --         ;
; OUTPUT_IO_TIMING_NEAR_END_VMEAS     ; Half Vccio                             ; --                  ; --                  ; --         ;
; PARTITION_COLOR                     ; -- (Not supported for targeted family) ; --                  ; nbitCounter_ParLoad ; Top        ;
; PARTITION_FITTER_PRESERVATION_LEVEL ; -- (Not supported for targeted family) ; --                  ; nbitCounter_ParLoad ; Top        ;
; PARTITION_NETLIST_TYPE              ; -- (Not supported for targeted family) ; --                  ; nbitCounter_ParLoad ; Top        ;
; POWER_BOARD_THERMAL_MODEL           ; None (CONSERVATIVE)                    ; --                  ; --                  ; --         ;
; POWER_PRESET_COOLING_SOLUTION       ; 23 MM HEAT SINK WITH 200 LFPM AIRFLOW  ; --                  ; --                  ; --         ;
; PROJECT_OUTPUT_DIRECTORY            ; output_files                           ; --                  ; --                  ; --         ;
; TOP_LEVEL_ENTITY                    ; nbitCounter_ParLoad                    ; 4bitCounter_ParLoad ; --                  ; --         ;
+-------------------------------------+----------------------------------------+---------------------+---------------------+------------+


+--------------------------------------------------------------------------------------------------------------------------+
; Flow Elapsed Time                                                                                                        ;
+----------------------+--------------+-------------------------+---------------------+------------------------------------+
; Module Name          ; Elapsed Time ; Average Processors Used ; Peak Virtual Memory ; Total CPU Time (on all processors) ;
+----------------------+--------------+-------------------------+---------------------+------------------------------------+
; Analysis & Synthesis ; 00:00:28     ; 1.0                     ; 4784 MB             ; 00:00:54                           ;
; Fitter               ; 00:00:11     ; 1.0                     ; 5222 MB             ; 00:00:12                           ;
; Assembler            ; 00:00:02     ; 1.0                     ; 4669 MB             ; 00:00:02                           ;
; Timing Analyzer      ; 00:00:19     ; 1.0                     ; 4722 MB             ; 00:00:05                           ;
; Total                ; 00:01:00     ; --                      ; --                  ; 00:01:13                           ;
+----------------------+--------------+-------------------------+---------------------+------------------------------------+


+------------------------------------------------------------------------------------+
; Flow OS Summary                                                                    ;
+----------------------+------------------+------------+------------+----------------+
; Module Name          ; Machine Hostname ; OS Name    ; OS Version ; Processor type ;
+----------------------+------------------+------------+------------+----------------+
; Analysis & Synthesis ; UbiminiX         ; Windows 10 ; 10.0       ; x86_64         ;
; Fitter               ; UbiminiX         ; Windows 10 ; 10.0       ; x86_64         ;
; Assembler            ; UbiminiX         ; Windows 10 ; 10.0       ; x86_64         ;
; Timing Analyzer      ; UbiminiX         ; Windows 10 ; 10.0       ; x86_64         ;
+----------------------+------------------+------------+------------+----------------+


------------
; Flow Log ;
------------
quartus_map --read_settings_files=on --write_settings_files=off 4bitCounter_ParLoad -c 4bitCounter_ParLoad
quartus_fit --read_settings_files=off --write_settings_files=off 4bitCounter_ParLoad -c 4bitCounter_ParLoad
quartus_asm --read_settings_files=off --write_settings_files=off 4bitCounter_ParLoad -c 4bitCounter_ParLoad
quartus_sta 4bitCounter_ParLoad -c 4bitCounter_ParLoad



